<?xml version="1.0" encoding="UTF-8"?>
<!-- Generated by org.testng.reporters.JUnitReportReporter -->
<testsuite hostname="LAPTOP-QNKEP47S" failures="0" tests="1" name="com.Intellipat.sauceLab.Module11" time="6.465" errors="0" timestamp="2023-01-29T21:46:18 IST" skipped="0">
  <testcase classname="com.Intellipat.sauceLab.Module11" name="test" time="6.465"/>
  <system-out/>
</testsuite> <!-- com.Intellipat.sauceLab.Module11 -->
