<?xml version="1.0" encoding="UTF-8"?>
<!-- Generated by org.testng.reporters.JUnitReportReporter -->
<testsuite hostname="LAPTOP-QNKEP47S" failures="0" tests="1" name="testVagrant.MainClass" time="0.007" errors="0" timestamp="2023-05-05T00:32:30 IST" skipped="0">
  <testcase classname="testVagrant.MainClass" name="addSongs" time="0.007"/>
  <system-out/>
</testsuite> <!-- testVagrant.MainClass -->
